Receive | None 52959 1615266819.3103437
In  <-  | PROPAGATE Jaquez=Juzang=Riley | AT Riley +3.000000 kiwi.cs.ucla.edu +34.068930-118.445127 1615266816.3063428
Connect | Campbell 15228 1615266819.313345
Closed  | Campbell 15228 1615266819.313345
Connect | Bernard 15229 1615266819.3153484
Closed  | Bernard 15229 1615266819.3153484
Receive | Juzang 15227 1615271291.4431932
In  <-  | PROPAGATE Jaquez=Juzang=Riley | AT Riley +3.000000 kiwi.cs.ucla.edu +34.068930-118.445127 1615271288.4401958
Connect | Campbell 15228 1615271291.4601922
Closed  | Campbell 15228 1615271291.4601922
Connect | Bernard 15229 1615271291.4611886
Closed  | Bernard 15229 1615271291.4611886
Receive | Juzang 15227 1615284812.1153076
In  <-  | PROPAGATE Jaquez=Juzang=Riley | AT Riley +3.001000 kiwi.cs.ucla.edu +34.068930-118.445127 1615284809.1133056
Connect | Campbell 15228 1615284812.1303058
Closed  | Campbell 15228 1615284812.131308
Connect | Bernard 15229 1615284812.131308
Closed  | Bernard 15229 1615284812.131308
Receive | Juzang 15227 1615285179.6525736
In  <-  | PROPAGATE Jaquez=Juzang=Riley | AT Riley +3.000000 kiwi.cs.ucla.edu +34.068930-118.445127 1615285176.650573
Connect | Campbell 15228 1615285179.6545768
Closed  | Campbell 15228 1615285179.6545768
Connect | Bernard 15229 1615285179.6555867
Closed  | Bernard 15229 1615285179.6555867
Receive | Juzang 15227 1615285184.5764651
In  <-  | PROPAGATE Jaquez=Juzang=Riley | AT Riley +3.000000 kiwi.cs.ucla.edu +34.068930-118.445127 1615285181.5744717
Connect | Campbell 15228 1615285184.5784652
Closed  | Campbell 15228 1615285184.5784652
Connect | Bernard 15229 1615285184.579469
Closed  | Bernard 15229 1615285184.5804641
Receive | Juzang 15227 1615285190.2383902
In  <-  | PROPAGATE Jaquez=Juzang=Riley | AT Riley +3.000000 kiwi.cs.ucla.edu +34.068930-118.445127 1615285187.2363882
Connect | Campbell 15228 1615285190.2393894
Closed  | Campbell 15228 1615285190.2393894
Connect | Bernard 15229 1615285190.2403917
Closed  | Bernard 15229 1615285190.2403917
Receive | Juzang 15227 1615285239.620773
In  <-  | PROPAGATE Jaquez=Juzang=Riley | AT Riley +3.001002 kiwi.cs.ucla.edu +34.068930-118.445127 1615285236.6177716
Connect | Campbell 15228 1615285239.6217759
Closed  | Campbell 15228 1615285239.6227894
Connect | Bernard 15229 1615285239.624775
Closed  | Bernard 15229 1615285239.624775
Receive | Juzang 15227 1615285241.2715383
In  <-  | PROPAGATE Jaquez=Juzang=Riley | AT Riley +3.000000 kiwi.cs.ucla.edu +34.068930-118.445127 1615285238.2685487
Connect | Campbell 15228 1615285241.2735448
Closed  | Campbell 15228 1615285241.2735448
Connect | Bernard 15229 1615285241.2755425
Closed  | Bernard 15229 1615285241.2755425
Receive | Juzang 15227 1615290425.385434
In  <-  | PROPAGATE Jaquez=Juzang=Riley | AT Riley +3.001000 kiwi.cs.ucla.edu +34.068930-118.445127 1615290422.3814304
Connect | Campbell 15228 1615290425.3884296
Closed  | Campbell 15228 1615290425.3884296
Connect | Bernard 15229 1615290425.3897765
Closed  | Bernard 15229 1615290425.3907754
Receive | Juzang 15227 1615290426.574326
In  <-  | PROPAGATE Jaquez=Juzang=Riley | AT Riley +3.001001 kiwi.cs.ucla.edu +34.068930-118.445127 1615290423.5703177
Connect | Campbell 15228 1615290426.5753214
Closed  | Campbell 15228 1615290426.5763233
Connect | Bernard 15229 1615290426.578339
Closed  | Bernard 15229 1615290426.578339
Receive | Juzang 15227 1615290429.3073559
In  <-  | PROPAGATE Jaquez=Juzang=Riley | AT Riley +3.001350 kiwi.cs.ucla.edu +34.068930-118.445127 1615290426.3029773
Connect | Campbell 15228 1615290429.3093555
Closed  | Campbell 15228 1615290429.310355
Connect | Bernard 15229 1615290429.3123689
Closed  | Bernard 15229 1615290429.3123689
Receive | Juzang 15227 1615290430.208979
In  <-  | PROPAGATE Jaquez=Juzang=Riley | AT Riley +3.001002 kiwi.cs.ucla.edu +34.068930-118.445127 1615290427.2059767
Connect | Campbell 15228 1615290430.2109957
Closed  | Campbell 15228 1615290430.2119806
Connect | Bernard 15229 1615290430.212983
Closed  | Bernard 15229 1615290430.212983
Receive | Juzang 15227 1615290497.029614
In  <-  | PROPAGATE Bernard=Jaquez=Juzang=Riley | AT Jaquez +3.000989 kiwi.cs.ucla.edu +34.068930-118.445127 1615290494.0236235
Connect | Campbell 15228 1615290497.0316126
Closed  | Campbell 15228 1615290497.032633
Receive | Juzang 15227 1615290497.032633
Starting: 1615331284.1664078
Receive | Juzang 15227 1615331295.937557
In  <-  | PROPAGATE Jaquez=Juzang=Riley | AT Riley +3.000997 kiwi.cs.ucla.edu +34.068930-118.445127 1615331292.9345617
Connect | Campbell 15228 1615331295.9385557
Closed  | Campbell 15228 1615331295.9385557
Connect | Bernard 15229 1615331295.9405613
Closed  | Bernard 15229 1615331295.9405613
Receive | Juzang 15227 1615331303.2640305
In  <-  | PROPAGATE Bernard=Jaquez=Juzang=Riley | AT Jaquez +3.000000 kiwi.cs.ucla.edu +34.068930-118.445127 1615331300.2610626
Connect | Campbell 15228 1615331303.2660258
Closed  | Campbell 15228 1615331303.2660258
Receive | Juzang 15227 1615331303.2670436
In  <-  | IAMAT kiwi.cs.ucla.edu +34.068930-118.445127 1615331302.0353606
Connect | Riley 15225 1615331305.0363219
Closed  | Riley 15225 1615331305.0363219
Connect | Campbell 15228 1615331305.0373216
Closed  | Campbell 15228 1615331305.0373216
Connect | Bernard 15229 1615331305.0383217
Closed  | Bernard 15229 1615331305.0383217
Out  -> | AT Juzang +3.000961 kiwi.cs.ucla.edu +34.068930-118.445127 1615331302.0353606
Receive | Juzang 15227 1615331306.986299
In  <-  | PROPAGATE Bernard=Campbell=Juzang | AT Campbell +3.001003 kiwi.cs.ucla.edu +34.068930-118.445127 1615331303.9842956
Connect | Riley 15225 1615331306.986299
Closed  | Riley 15225 1615331306.9872954
Receive | Juzang 15227 1615331309.3912146
In  <-  | PROPAGATE Bernard=Campbell=Jaquez=Juzang | AT Bernard +3.001000 kiwi.cs.ucla.edu +34.068930-118.445127 1615331306.3892176
Connect | Riley 15225 1615331309.3922179
Closed  | Riley 15225 1615331309.3922179
Shutdown: 1615331345.8069105
Starting: 1615345335.1781173
Receive | Juzang 15227 1615345430.3594248
In  <-  | PROPAGATE Jaquez=Juzang=Riley | AT Riley +3.000999 kiwi.cs.ucla.edu +34.068930-118.445127 1615345427.3564236
Failed  | Campbell 15228 1615345432.398423
Failed  | Bernard 15229 1615345434.4024796
Receive | Juzang 15227 1615345770.7833364
In  <-  | PROPAGATE Jaquez=Juzang=Riley | AT Riley +3.000000 kiwi.cs.ucla.edu +34.068930-118.445127 1615345767.7803352
Failed  | Campbell 15228 1615345772.8113985
Failed  | Bernard 15229 1615345774.8453004
Receive | Juzang 15227 1615345816.2094443
In  <-  | PROPAGATE Jaquez=Juzang=Riley | AT Riley +3.000000 kiwi.cs.ucla.edu +34.068930-118.445127 1615345813.2074466
Failed  | Campbell 15228 1615345818.247444
Failed  | Bernard 15229 1615345820.2924976
Receive | Juzang 15227 1615345933.9003909
In  <-  | PROPAGATE Jaquez=Juzang=Riley | AT Riley +3.001034 kiwi.cs.ucla.edu +34.068930-118.445127 1615345930.8973894
Failed  | Campbell 15228 1615345935.949399
Failed  | Bernard 15229 1615345937.9844136
Receive | Juzang 15227 1615346060.5953262
In  <-  | PROPAGATE Jaquez=Juzang=Riley | AT Riley +3.001039 kiwi.cs.ucla.edu +34.068930-118.445127 1615346057.5923266
Failed  | Campbell 15228 1615346062.6313303
Failed  | Bernard 15229 1615346064.6663299
Receive | Juzang 15227 1615346181.66459
In  <-  | PROPAGATE Jaquez=Juzang=Riley | AT Riley +3.001001 kiwi.cs.ucla.edu +34.068930-118.445127 1615346178.6615942
Failed  | Campbell 15228 1615346183.6705244
Failed  | Bernard 15229 1615346185.689938
Receive | Juzang 15227 1615346240.0684094
In  <-  | PROPAGATE Jaquez=Juzang=Riley | AT Riley +3.000000 kiwi.cs.ucla.edu +34.068930-118.445127 1615346237.06641
Failed  | Campbell 15228 1615346242.0984082
Failed  | Bernard 15229 1615346244.1444054
Receive | Juzang 15227 1615349785.6434186
In  <-  | PROPAGATE Jaquez=Juzang=Riley | AT Riley +3.001003 kiwi.cs.ucla.edu +34.068930-118.445127 1615349782.6274002
Failed  | Campbell 15228 1615349787.6754398
Failed  | Bernard 15229 1615349789.6934924
Receive | Juzang 15227 1615349803.9873233
In  <-  | PROPAGATE Jaquez=Juzang=Riley | AT Riley +3.000000 kiwi.cs.ucla.edu +34.068930-118.445127 1615349800.9853237
Failed  | Campbell 15228 1615349805.9933128
Failed  | Bernard 15229 1615349808.0142713
Receive | Juzang 15227 1615349814.4074674
In  <-  | PROPAGATE Jaquez=Juzang=Riley | AT Riley +3.000000 kiwi.cs.ucla.edu +34.068930-118.445127 1615349811.4054666
Failed  | Campbell 15228 1615349816.4294674
Failed  | Bernard 15229 1615349818.4624693
Receive | Juzang 15227 1615350077.136298
In  <-  | PROPAGATE Jaquez=Juzang=Riley | AT Riley +3.000000 kiwi.cs.ucla.edu +34.068930-118.445127 1615350074.1342971
Failed  | Campbell 15228 1615350079.1703477
Failed  | Bernard 15229 1615350081.2013881
Receive | Juzang 15227 1615350131.7304132
In  <-  | PROPAGATE Jaquez=Juzang=Riley | AT Riley +3.000000 kiwi.cs.ucla.edu +34.068930-118.445127 1615350128.7284143
Failed  | Campbell 15228 1615350133.7514503
Failed  | Bernard 15229 1615350135.783611
Receive | Juzang 15227 1615350363.5891843
In  <-  | PROPAGATE Jaquez=Juzang=Riley | AT Riley +3.000000 kiwi.cs.ucla.edu +34.068930-118.445127 1615350360.5861843
Failed  | Campbell 15228 1615350365.6181347
Failed  | Bernard 15229 1615350367.6742105
Receive | Juzang 15227 1615350383.920348
In  <-  | PROPAGATE Jaquez=Juzang=Riley | AT Riley +3.001002 kiwi.cs.ucla.edu +34.068930-118.445127 1615350380.918348
Failed  | Campbell 15228 1615350385.955607
Failed  | Bernard 15229 1615350388.0123475
Receive | Juzang 15227 1615350455.863675
In  <-  | PROPAGATE Jaquez=Juzang=Riley | AT Riley +3.001001 kiwi.cs.ucla.edu +34.068930-118.445127 1615350452.8616767
Failed  | Campbell 15228 1615350457.9021497
Failed  | Bernard 15229 1615350459.9464312
Shutdown: 1615350823.1803885
Starting: 1615350825.7663867
Receive | Juzang 15227 1615350830.2804062
In  <-  | PROPAGATE Jaquez=Juzang=Riley | AT Riley +3.000998 kiwi.cs.ucla.edu +34.068930-118.445127 1615350827.2774029
Connect | Campbell 15228 1615350830.2824063
Closed  | Campbell 15228 1615350830.2824063
Connect | Bernard 15229 1615350830.2834046
Closed  | Bernard 15229 1615350830.2834046
Receive | Juzang 15227 1615350870.0668037
In  <-  | PROPAGATE Jaquez=Juzang=Riley | AT Riley +3.001030 kiwi.cs.ucla.edu +34.068930-118.445127 1615350867.0637665
Failed  | Campbell 15228 1615350872.0944347
Connect | Bernard 15229 1615350872.0954394
Closed  | Bernard 15229 1615350872.0954394
Receive | Juzang 15227 1615350994.5087783
In  <-  | PROPAGATE Jaquez=Juzang=Riley | AT Riley +3.000000 kiwi.cs.ucla.edu +34.068930-118.445127 1615350991.5068
Connect | Campbell 15228 1615350994.5097857
Closed  | Campbell 15228 1615350994.5097857
Connect | Bernard 15229 1615350994.5107794
Closed  | Bernard 15229 1615350994.5107794
Receive | Juzang 15227 1615351313.0195227
In  <-  | PROPAGATE Jaquez=Juzang=Riley | AT Riley +3.001002 kiwi.cs.ucla.edu +34.068930-118.445127 1615351310.0165243
Connect | Campbell 15228 1615351313.021528
Closed  | Campbell 15228 1615351313.021528
Connect | Bernard 15229 1615351313.0225232
Closed  | Bernard 15229 1615351313.0225232
Shutdown: 1615351757.878806
Starting: 1615375812.4253132
Starting: 1615377836.3908374
Receive | Juzang 15227 1615377848.6295927
In  <-  | PROPAGATE Jaquez=Juzang=Riley | AT Riley +3.000000 kiwi.cs.ucla.edu +34.068930-118.445127 1615377845.6275926
Connect | Campbell 15228 1615377848.6305938
Closed  | Campbell 15228 1615377848.631593
Connect | Bernard 15229 1615377848.631593
Closed  | Bernard 15229 1615377848.631593
Receive | Juzang 15227 1615377921.0160956
In  <-  | PROPAGATE Jaquez=Juzang=Riley | AT Riley +3.000000 kiwi.cs.ucla.edu +34.068930-118.445127 1615377918.0140922
Connect | Campbell 15228 1615377921.0170953
Closed  | Campbell 15228 1615377921.0170953
Connect | Bernard 15229 1615377921.0180929
Closed  | Bernard 15229 1615377921.0180929
Receive | Juzang 15227 1615377952.7430418
In  <-  | PROPAGATE Jaquez=Juzang=Riley | AT Riley +3.000000 kiwi.cs.ucla.edu +34.068930-118.445127 1615377949.7410784
Connect | Campbell 15228 1615377952.7440379
Closed  | Campbell 15228 1615377952.745038
Connect | Bernard 15229 1615377952.745038
Closed  | Bernard 15229 1615377952.745038
Starting: 1615417314.8917403
Receive | Juzang 15227 1615417334.2198746
In  <-  | PROPAGATE Jaquez=Juzang=Riley | AT Riley +3.001033 kiwi.cs.ucla.edu +34.068930-118.445127 1615417331.2168417
Connect | Campbell 15228 1615417334.2218356
Closed  | Campbell 15228 1615417334.2218356
Connect | Bernard 15229 1615417334.2218356
Closed  | Bernard 15229 1615417334.2218356
